2024-07-11 16:23:38,795 [product-registration-api] server._serve - Started server process [7748]
2024-07-11 16:23:38,806 [product-registration-api] on.startup - Waiting for application startup.
2024-07-11 16:23:38,820 [product-registration-api] on.startup - Application startup complete.
2024-07-11 16:23:38,946 [product-registration-api] server._log_started_message - Uvicorn running on http://localhost:8000 (Press CTRL+C to quit)
2024-07-11 16:36:10,672 [product-registration-api] server.shutdown - Shutting down
2024-07-11 16:36:10,782 [product-registration-api] on.shutdown - Waiting for application shutdown.
2024-07-11 16:36:10,783 [product-registration-api] on.shutdown - Application shutdown complete.
2024-07-11 16:36:10,784 [product-registration-api] server._serve - Finished server process [7748]
2024-07-11 16:37:03,800 [product-registration-api] server._serve - Started server process [8940]
2024-07-11 16:37:03,801 [product-registration-api] on.startup - Waiting for application startup.
2024-07-11 16:37:03,801 [product-registration-api] on.startup - Application startup complete.
2024-07-11 16:37:03,817 [product-registration-api] server._log_started_message - Uvicorn running on http://localhost:8000 (Press CTRL+C to quit)
2024-07-11 16:42:00,779 [product-registration-api] server.shutdown - Shutting down
2024-07-11 16:42:00,893 [product-registration-api] on.shutdown - Waiting for application shutdown.
2024-07-11 16:42:00,894 [product-registration-api] on.shutdown - Application shutdown complete.
2024-07-11 16:42:00,895 [product-registration-api] server._serve - Finished server process [8940]
2024-07-11 16:44:24,044 [product-registration-api] server._serve - Started server process [8560]
2024-07-11 16:44:24,044 [product-registration-api] on.startup - Waiting for application startup.
2024-07-11 16:44:24,044 [product-registration-api] on.startup - Application startup complete.
2024-07-11 16:44:24,110 [product-registration-api] server._log_started_message - Uvicorn running on http://localhost:8000 (Press CTRL+C to quit)
2024-07-11 16:51:58,012 [product-registration-api] server.shutdown - Shutting down
2024-07-11 16:51:58,120 [product-registration-api] on.shutdown - Waiting for application shutdown.
2024-07-11 16:51:58,121 [product-registration-api] on.shutdown - Application shutdown complete.
2024-07-11 16:51:58,122 [product-registration-api] server._serve - Finished server process [8560]
2024-07-11 16:52:06,014 [product-registration-api] server._serve - Started server process [2532]
2024-07-11 16:52:06,017 [product-registration-api] on.startup - Waiting for application startup.
2024-07-11 16:52:06,020 [product-registration-api] on.startup - Application startup complete.
2024-07-11 16:52:06,039 [product-registration-api] server._log_started_message - Uvicorn running on http://localhost:8000 (Press CTRL+C to quit)
2024-07-11 17:47:23,265 [product-registration-api] server.shutdown - Shutting down
2024-07-11 17:47:23,369 [product-registration-api] on.shutdown - Waiting for application shutdown.
2024-07-11 17:47:23,373 [product-registration-api] on.shutdown - Application shutdown complete.
2024-07-11 17:47:23,374 [product-registration-api] server._serve - Finished server process [2532]
2024-07-11 17:55:52,034 [product-registration-api] server._serve - Started server process [8688]
2024-07-11 17:55:52,035 [product-registration-api] on.startup - Waiting for application startup.
2024-07-11 17:55:52,036 [product-registration-api] on.startup - Application startup complete.
2024-07-11 17:55:52,042 [product-registration-api] server._log_started_message - Uvicorn running on http://localhost:8000 (Press CTRL+C to quit)
2024-07-11 18:05:57,849 [product-registration-api] server.shutdown - Shutting down
2024-07-11 18:05:57,957 [product-registration-api] on.shutdown - Waiting for application shutdown.
2024-07-11 18:05:57,958 [product-registration-api] on.shutdown - Application shutdown complete.
2024-07-11 18:05:57,960 [product-registration-api] server._serve - Finished server process [8688]
2024-07-11 18:06:10,664 [product-registration-api] server._serve - Started server process [6912]
2024-07-11 18:06:10,664 [product-registration-api] on.startup - Waiting for application startup.
2024-07-11 18:06:10,680 [product-registration-api] on.startup - Application startup complete.
2024-07-11 18:06:10,728 [product-registration-api] server._log_started_message - Uvicorn running on http://localhost:8000 (Press CTRL+C to quit)
2024-07-11 18:10:50,385 [product-registration-api] server.shutdown - Shutting down
2024-07-11 18:10:50,489 [product-registration-api] on.shutdown - Waiting for application shutdown.
2024-07-11 18:10:50,490 [product-registration-api] on.shutdown - Application shutdown complete.
2024-07-11 18:10:50,491 [product-registration-api] server._serve - Finished server process [6912]
2024-07-11 18:11:04,078 [product-registration-api] server._serve - Started server process [8216]
2024-07-11 18:11:04,082 [product-registration-api] on.startup - Waiting for application startup.
2024-07-11 18:11:04,084 [product-registration-api] on.startup - Application startup complete.
2024-07-11 18:11:04,124 [product-registration-api] server._log_started_message - Uvicorn running on http://localhost:8000 (Press CTRL+C to quit)
2024-07-11 18:14:49,336 [product-registration-api] server.shutdown - Shutting down
2024-07-11 18:14:49,439 [product-registration-api] on.shutdown - Waiting for application shutdown.
2024-07-11 18:14:49,440 [product-registration-api] on.shutdown - Application shutdown complete.
2024-07-11 18:14:49,441 [product-registration-api] server._serve - Finished server process [8216]
2024-07-11 18:15:16,028 [product-registration-api] server._serve - Started server process [9148]
2024-07-11 18:15:16,028 [product-registration-api] on.startup - Waiting for application startup.
2024-07-11 18:15:16,028 [product-registration-api] on.startup - Application startup complete.
2024-07-11 18:15:16,047 [product-registration-api] server._log_started_message - Uvicorn running on http://localhost:8000 (Press CTRL+C to quit)
2024-07-11 18:19:24,348 [product-registration-api] server.shutdown - Shutting down
2024-07-11 18:19:24,463 [product-registration-api] on.shutdown - Waiting for application shutdown.
2024-07-11 18:19:24,464 [product-registration-api] on.shutdown - Application shutdown complete.
2024-07-11 18:19:24,465 [product-registration-api] server._serve - Finished server process [9148]
2024-07-11 18:19:47,268 [product-registration-api] server._serve - Started server process [844]
2024-07-11 18:19:47,270 [product-registration-api] on.startup - Waiting for application startup.
2024-07-11 18:19:47,271 [product-registration-api] on.startup - Application startup complete.
2024-07-11 18:19:47,271 [product-registration-api] server._log_started_message - Uvicorn running on http://localhost:8000 (Press CTRL+C to quit)
2024-07-11 18:22:17,849 [product-registration-api] server.shutdown - Shutting down
2024-07-11 18:22:17,950 [product-registration-api] on.shutdown - Waiting for application shutdown.
2024-07-11 18:22:17,952 [product-registration-api] on.shutdown - Application shutdown complete.
2024-07-11 18:22:17,952 [product-registration-api] server._serve - Finished server process [844]
2024-07-11 18:22:52,190 [product-registration-api] server._serve - Started server process [5620]
2024-07-11 18:22:52,190 [product-registration-api] on.startup - Waiting for application startup.
2024-07-11 18:22:52,190 [product-registration-api] on.startup - Application startup complete.
2024-07-11 18:22:52,206 [product-registration-api] server._log_started_message - Uvicorn running on http://localhost:8000 (Press CTRL+C to quit)
2024-07-11 18:46:22,277 [product-registration-api] server.shutdown - Shutting down
2024-07-11 18:46:22,391 [product-registration-api] on.shutdown - Waiting for application shutdown.
2024-07-11 18:46:22,392 [product-registration-api] on.shutdown - Application shutdown complete.
2024-07-11 18:46:22,410 [product-registration-api] server._serve - Finished server process [5620]
2024-07-11 18:46:51,667 [product-registration-api] server._serve - Started server process [8348]
2024-07-11 18:46:51,668 [product-registration-api] on.startup - Waiting for application startup.
2024-07-11 18:46:51,668 [product-registration-api] on.startup - Application startup complete.
2024-07-11 18:46:51,684 [product-registration-api] server._log_started_message - Uvicorn running on http://localhost:8000 (Press CTRL+C to quit)
2024-07-11 18:59:43,329 [product-registration-api] server.shutdown - Shutting down
2024-07-11 18:59:43,439 [product-registration-api] on.shutdown - Waiting for application shutdown.
2024-07-11 18:59:43,439 [product-registration-api] on.shutdown - Application shutdown complete.
2024-07-11 18:59:43,439 [product-registration-api] server._serve - Finished server process [8348]
2024-07-11 19:29:15,808 [product-registration-api] server._serve - Started server process [1408]
2024-07-11 19:29:15,838 [product-registration-api] on.startup - Waiting for application startup.
2024-07-11 19:29:15,839 [product-registration-api] on.startup - Application startup complete.
2024-07-11 19:29:16,386 [product-registration-api] server._log_started_message - Uvicorn running on http://localhost:8000 (Press CTRL+C to quit)
2024-07-11 19:31:05,383 [product-registration-api] server.shutdown - Shutting down
2024-07-11 19:31:05,492 [product-registration-api] on.shutdown - Waiting for application shutdown.
2024-07-11 19:31:05,505 [product-registration-api] on.shutdown - Application shutdown complete.
2024-07-11 19:31:05,505 [product-registration-api] server._serve - Finished server process [1408]
2024-07-11 19:35:28,384 [product-registration-api] server._serve - Started server process [8076]
2024-07-11 19:35:28,385 [product-registration-api] on.startup - Waiting for application startup.
2024-07-11 19:35:28,386 [product-registration-api] on.startup - Application startup complete.
2024-07-11 19:35:28,451 [product-registration-api] server._log_started_message - Uvicorn running on http://localhost:8000 (Press CTRL+C to quit)
2024-07-11 19:45:40,616 [product-registration-api] server.shutdown - Shutting down
2024-07-11 19:45:40,727 [product-registration-api] on.shutdown - Waiting for application shutdown.
2024-07-11 19:45:40,728 [product-registration-api] on.shutdown - Application shutdown complete.
2024-07-11 19:45:40,729 [product-registration-api] server._serve - Finished server process [8076]
2024-07-11 20:41:36,153 [product-registration-api] server._serve - Started server process [5516]
2024-07-11 20:41:36,458 [product-registration-api] on.startup - Waiting for application startup.
2024-07-11 20:41:36,733 [product-registration-api] on.startup - Application startup complete.
2024-07-11 20:41:38,085 [product-registration-api] server._log_started_message - Uvicorn running on http://localhost:8000 (Press CTRL+C to quit)
2024-07-11 22:19:32,943 [product-registration-api] server.shutdown - Shutting down
2024-07-11 22:19:35,173 [product-registration-api] on.shutdown - Waiting for application shutdown.
2024-07-11 22:19:35,480 [product-registration-api] on.shutdown - Application shutdown complete.
2024-07-11 22:19:35,617 [product-registration-api] server._serve - Finished server process [5516]
